Using pre-set license
Built from '2022.3/staging' branch; Version is '2022.3.19f1 (244b723c30a6) revision 2378610'; Using compiler version '192829333'; Build Type 'Release'
OS: 'Windows 11  (10.0.22000) 64bit Core' Language: 'es' Physical Memory: 16088 MB
BatchMode: 1, IsHumanControllingUs: 0, StartBugReporterOnCrash: 0, Is64bit: 1, IsPro: 1

COMMAND LINE ARGUMENTS:
C:\Program Files\Unity\Hub\Editor\2022.3.19f1\Editor\Unity.exe
-adb2
-batchMode
-noUpm
-name
AssetImportWorker0
-projectPath
D:/Warcraft-Realms-Rise-of-Azeroth
-logFile
Logs/AssetImportWorker0.log
-srvPort
56878
Successfully changed project path to: D:/Warcraft-Realms-Rise-of-Azeroth
D:/Warcraft-Realms-Rise-of-Azeroth
[UnityMemory] Configuration Parameters - Can be set up in boot.config
    "memorysetup-bucket-allocator-granularity=16"
    "memorysetup-bucket-allocator-bucket-count=8"
    "memorysetup-bucket-allocator-block-size=33554432"
    "memorysetup-bucket-allocator-block-count=8"
    "memorysetup-main-allocator-block-size=16777216"
    "memorysetup-thread-allocator-block-size=16777216"
    "memorysetup-gfx-main-allocator-block-size=16777216"
    "memorysetup-gfx-thread-allocator-block-size=16777216"
    "memorysetup-cache-allocator-block-size=4194304"
    "memorysetup-typetree-allocator-block-size=2097152"
    "memorysetup-profiler-bucket-allocator-granularity=16"
    "memorysetup-profiler-bucket-allocator-bucket-count=8"
    "memorysetup-profiler-bucket-allocator-block-size=33554432"
    "memorysetup-profiler-bucket-allocator-block-count=8"
    "memorysetup-profiler-allocator-block-size=16777216"
    "memorysetup-profiler-editor-allocator-block-size=1048576"
    "memorysetup-temp-allocator-size-main=16777216"
    "memorysetup-job-temp-allocator-block-size=2097152"
    "memorysetup-job-temp-allocator-block-size-background=1048576"
    "memorysetup-job-temp-allocator-reduction-small-platforms=262144"
    "memorysetup-allocator-temp-initial-block-size-main=262144"
    "memorysetup-allocator-temp-initial-block-size-worker=262144"
    "memorysetup-temp-allocator-size-background-worker=32768"
    "memorysetup-temp-allocator-size-job-worker=262144"
    "memorysetup-temp-allocator-size-preload-manager=33554432"
    "memorysetup-temp-allocator-size-nav-mesh-worker=65536"
    "memorysetup-temp-allocator-size-audio-worker=65536"
    "memorysetup-temp-allocator-size-cloud-worker=32768"
    "memorysetup-temp-allocator-size-gi-baking-worker=262144"
    "memorysetup-temp-allocator-size-gfx=262144"
Player connection [13844] Host "[IP] 172.20.10.6 [Port] 0 [Flags] 2 [Guid] 3886220993 [EditorId] 3886220993 [Version] 1048832 [Id] WindowsEditor(7,DESKTOP-D32S6RK) [Debug] 1 [PackageName] WindowsEditor [ProjectName] Editor" joined multi-casting on [225.0.0.222:54997]...

Player connection [13844] Host "[IP] 172.20.10.6 [Port] 0 [Flags] 2 [Guid] 3886220993 [EditorId] 3886220993 [Version] 1048832 [Id] WindowsEditor(7,DESKTOP-D32S6RK) [Debug] 1 [PackageName] WindowsEditor [ProjectName] Editor" joined alternative multi-casting on [225.0.0.222:34997]...

[Physics::Module] Initialized MultithreadedJobDispatcher with 15 workers.
Refreshing native plugins compatible for Editor in 0.00 ms, found 0 plugins.
Preloading 0 native plugins for Editor in 0.00 ms.
Initialize engine version: 2022.3.19f1 (244b723c30a6)
[Subsystems] Discovering subsystems at path C:/Program Files/Unity/Hub/Editor/2022.3.19f1/Editor/Data/Resources/UnitySubsystems
[Subsystems] Discovering subsystems at path D:/Warcraft-Realms-Rise-of-Azeroth/Assets
GfxDevice: creating device client; threaded=0; jobified=0
Direct3D:
    Version:  Direct3D 11.0 [level 11.1]
    Renderer: NVIDIA GeForce RTX 3050 Ti Laptop GPU (ID=0x25a0)
    Vendor:   NVIDIA
    VRAM:     3990 MB
    Driver:   30.0.15.1274
Initialize mono
Mono path[0] = 'C:/Program Files/Unity/Hub/Editor/2022.3.19f1/Editor/Data/Managed'
Mono path[1] = 'C:/Program Files/Unity/Hub/Editor/2022.3.19f1/Editor/Data/MonoBleedingEdge/lib/mono/unityjit-win32'
Mono config path = 'C:/Program Files/Unity/Hub/Editor/2022.3.19f1/Editor/Data/MonoBleedingEdge/etc'
Using monoOptions --debugger-agent=transport=dt_socket,embedding=1,server=y,suspend=n,address=127.0.0.1:56824
Begin MonoManager ReloadAssembly
Registering precompiled unity dll's ...
Register platform support module: C:/Program Files/Unity/Hub/Editor/2022.3.19f1/Editor/Data/PlaybackEngines/WebGLSupport/UnityEditor.WebGL.Extensions.dll
Register platform support module: C:/Program Files/Unity/Hub/Editor/2022.3.19f1/Editor/Data/PlaybackEngines/WindowsStandaloneSupport/UnityEditor.WindowsStandalone.Extensions.dll
Registered in 0.003500 seconds.
- Loaded All Assemblies, in  0.259 seconds
Native extension for WindowsStandalone target not found
Native extension for WebGL target not found
Mono: successfully reloaded assembly
- Finished resetting the current domain, in  0.217 seconds
Domain Reload Profiling: 476ms
	BeginReloadAssembly (76ms)
		ExecutionOrderSort (0ms)
		DisableScriptedObjects (0ms)
		BackupInstance (0ms)
		ReleaseScriptingObjects (0ms)
		CreateAndSetChildDomain (1ms)
	RebuildCommonClasses (26ms)
	RebuildNativeTypeToScriptingClass (8ms)
	initialDomainReloadingComplete (40ms)
	LoadAllAssembliesAndSetupDomain (109ms)
		LoadAssemblies (76ms)
		RebuildTransferFunctionScriptingTraits (0ms)
		AnalyzeDomain (108ms)
			TypeCache.Refresh (106ms)
				TypeCache.ScanAssembly (95ms)
			ScanForSourceGeneratedMonoScriptInfo (0ms)
			ResolveRequiredComponents (0ms)
	FinalizeReload (217ms)
		ReleaseScriptCaches (0ms)
		RebuildScriptCaches (0ms)
		SetupLoadedEditorAssemblies (172ms)
			LogAssemblyErrors (0ms)
			InitializePlatformSupportModulesInManaged (7ms)
			SetLoadedEditorAssemblies (5ms)
			RefreshPlugins (0ms)
			BeforeProcessingInitializeOnLoad (2ms)
			ProcessInitializeOnLoadAttributes (118ms)
			ProcessInitializeOnLoadMethodAttributes (40ms)
			AfterProcessingInitializeOnLoad (0ms)
			EditorAssembliesLoaded (0ms)
		ExecutionOrderSort2 (0ms)
		AwakeInstancesAfterBackupRestoration (0ms)
========================================================================
Worker process is ready to serve import requests
Begin MonoManager ReloadAssembly
- Loaded All Assemblies, in  0.162 seconds
Refreshing native plugins compatible for Editor in 0.00 ms, found 0 plugins.
Native extension for WindowsStandalone target not found
Native extension for WebGL target not found
Mono: successfully reloaded assembly
- Finished resetting the current domain, in  0.258 seconds
Domain Reload Profiling: 420ms
	BeginReloadAssembly (109ms)
		ExecutionOrderSort (0ms)
		DisableScriptedObjects (4ms)
		BackupInstance (0ms)
		ReleaseScriptingObjects (0ms)
		CreateAndSetChildDomain (19ms)
	RebuildCommonClasses (25ms)
	RebuildNativeTypeToScriptingClass (8ms)
	initialDomainReloadingComplete (15ms)
	LoadAllAssembliesAndSetupDomain (6ms)
		LoadAssemblies (61ms)
		RebuildTransferFunctionScriptingTraits (0ms)
		AnalyzeDomain (4ms)
			TypeCache.Refresh (3ms)
				TypeCache.ScanAssembly (0ms)
			ScanForSourceGeneratedMonoScriptInfo (0ms)
			ResolveRequiredComponents (0ms)
	FinalizeReload (258ms)
		ReleaseScriptCaches (0ms)
		RebuildScriptCaches (0ms)
		SetupLoadedEditorAssemblies (159ms)
			LogAssemblyErrors (0ms)
			InitializePlatformSupportModulesInManaged (5ms)
			SetLoadedEditorAssemblies (5ms)
			RefreshPlugins (0ms)
			BeforeProcessingInitializeOnLoad (20ms)
			ProcessInitializeOnLoadAttributes (110ms)
			ProcessInitializeOnLoadMethodAttributes (15ms)
			AfterProcessingInitializeOnLoad (3ms)
			EditorAssembliesLoaded (0ms)
		ExecutionOrderSort2 (0ms)
		AwakeInstancesAfterBackupRestoration (6ms)
Launched and connected shader compiler UnityShaderCompiler.exe after 0.04 seconds
Refreshing native plugins compatible for Editor in 0.00 ms, found 0 plugins.
Preloading 0 native plugins for Editor in 0.00 ms.
Unloading 59 Unused Serialized files (Serialized files now loaded: 0)
Unloading 3 unused Assets / (48.7 KB). Loaded Objects now: 532.
Memory consumption went from 58.1 MB to 58.1 MB.
Total: 1.795500 ms (FindLiveObjects: 0.032100 ms CreateObjectMapping: 0.003900 ms MarkObjects: 1.699000 ms  DeleteObjects: 0.059900 ms)

AssetImportParameters requested are different than current active one (requested -> active):
  colorSpace: 1 -> 0
  custom:video-decoder-ogg-theora: a1e56fd34408186e4bbccfd4996cb3dc -> 
  custom:container-muxer-webm: aa71ff27fc2769a1b78a27578f13a17b -> 
  custom:container-demuxer-webm: 4f35f7cbe854078d1ac9338744f61a02 -> 
  custom:video-encoder-webm-vp8: eb34c28f22e8b96e1ab97ce403110664 -> 
  custom:CustomObjectIndexerAttribute: 6d391050e5a25f67b0a2c618074f2cd9 -> 
  custom:audio-encoder-webm-vorbis: bf7c407c2cedff20999df2af8eb42d56 -> 
  custom:framework-win-MediaFoundation: 216162199b28c13a410421893ffa2e32 -> 
  custom:SearchIndexIgnoredProperties: e643bd26f0fe6173181afceb89e7c659 -> 
  custom:container-demuxer-ogg: 62fdf1f143b41e24485cea50d1cbac27 -> 
  custom:video-decoder-webm-vp8: 9c59270c3fd7afecdb556c50c9e8de78 -> 
  custom:graphics/active-color-space: 03000000000000000000000000000000 -> 02000000000000000000000000000000
  custom:audio-decoder-ogg-vorbis: bf7c407c2cedff20999df2af8eb42d56 -> 
  custom:2d/spriteatlas-import-mode: 02000000000000000000000000000000 -> 01000000000000000000000000000000
  custom:AudioImporter_EditorPlatform: d09bf68614088b80899f8185d706f6e7 -> 
========================================================================
Received Import Request.
  Time since last request: 186499.645201 seconds.
  path: Assets/Scenes/New Scene.unity
  artifactKey: Guid(1c88e5ce657676d46a5b26cabcfe36ac) Importer(815301076,1909f56bfc062723c751e8b465ee728b)
Start importing Assets/Scenes/New Scene.unity using Guid(1c88e5ce657676d46a5b26cabcfe36ac) Importer(815301076,1909f56bfc062723c751e8b465ee728b)  -> (artifact id: '246ca8aa5c3b20775d5ee8a7afb463fd') in 0.003283 seconds
Number of updated asset objects reloaded before import = 0
Number of asset objects unloaded after import = 0
========================================================================
Received Import Request.
  Time since last request: 4.120952 seconds.
  path: Assets/Artwork/blood-death-knight-by-me-v0-nfa5e3hd5rua1.png
  artifactKey: Guid(71e384de806f6a4449b31d35a6b67723) Importer(815301076,1909f56bfc062723c751e8b465ee728b)
Start importing Assets/Artwork/blood-death-knight-by-me-v0-nfa5e3hd5rua1.png using Guid(71e384de806f6a4449b31d35a6b67723) Importer(815301076,1909f56bfc062723c751e8b465ee728b)  -> (artifact id: '74ed01ac0b7b6b3c13a76a679ded4150') in 0.101111 seconds
Number of updated asset objects reloaded before import = 0
Number of asset objects unloaded after import = 3
========================================================================
Received Import Request.
  Time since last request: 0.000028 seconds.
  path: Assets/Artwork/magister.png
  artifactKey: Guid(bdcec08c6a237244fb7c8015cfaa86aa) Importer(815301076,1909f56bfc062723c751e8b465ee728b)
Start importing Assets/Artwork/magister.png using Guid(bdcec08c6a237244fb7c8015cfaa86aa) Importer(815301076,1909f56bfc062723c751e8b465ee728b)  -> (artifact id: 'f9f15fdd1cc330958cca051cb4857b8c') in 0.019763 seconds
Number of updated asset objects reloaded before import = 0
Number of asset objects unloaded after import = 3
========================================================================
Received Import Request.
  Time since last request: 0.000033 seconds.
  path: Assets/Artwork/death_knight_minion___gargoyle_by_forrestimel_danbv98-fullview.png
  artifactKey: Guid(87f6e9e57c81b184dab0ed691b39266b) Importer(815301076,1909f56bfc062723c751e8b465ee728b)
Start importing Assets/Artwork/death_knight_minion___gargoyle_by_forrestimel_danbv98-fullview.png using Guid(87f6e9e57c81b184dab0ed691b39266b) Importer(815301076,1909f56bfc062723c751e8b465ee728b)  -> (artifact id: 'b28216875b270c54134da838da7aa944') in 0.015386 seconds
Number of updated asset objects reloaded before import = 0
Number of asset objects unloaded after import = 3
========================================================================
Received Import Request.
  Time since last request: 0.000024 seconds.
  path: Assets/Artwork/Frost_Queen_Sindragosa_full.png
  artifactKey: Guid(8a19929d5f48ead4cb1316b9292a5a71) Importer(815301076,1909f56bfc062723c751e8b465ee728b)
Start importing Assets/Artwork/Frost_Queen_Sindragosa_full.png using Guid(8a19929d5f48ead4cb1316b9292a5a71) Importer(815301076,1909f56bfc062723c751e8b465ee728b)  -> (artifact id: 'b8d72e489b156b7906d986dc87b30991') in 0.020840 seconds
Number of updated asset objects reloaded before import = 0
Number of asset objects unloaded after import = 3
========================================================================
Received Import Request.
  Time since last request: 0.000020 seconds.
  path: Assets/Artwork/Devourer_of_Souls_full.png
  artifactKey: Guid(2948e36c001b2454eb6fc25c7608caba) Importer(815301076,1909f56bfc062723c751e8b465ee728b)
Start importing Assets/Artwork/Devourer_of_Souls_full.png using Guid(2948e36c001b2454eb6fc25c7608caba) Importer(815301076,1909f56bfc062723c751e8b465ee728b)  -> (artifact id: '1102fbdb2c57ea40eaaab618fbe7ff4c') in 0.016138 seconds
Number of updated asset objects reloaded before import = 0
Number of asset objects unloaded after import = 3
========================================================================
Received Import Request.
  Time since last request: 0.665956 seconds.
  path: Assets/cartas/Caballero-de-Escarcha.png
  artifactKey: Guid(97b5a85cb3ed8704d8cb63b906a8f22f) Importer(815301076,1909f56bfc062723c751e8b465ee728b)
Start importing Assets/cartas/Caballero-de-Escarcha.png using Guid(97b5a85cb3ed8704d8cb63b906a8f22f) Importer(815301076,1909f56bfc062723c751e8b465ee728b)  -> (artifact id: 'c8726e0189d0904d8855fec1efb64349') in 0.016642 seconds
Number of updated asset objects reloaded before import = 0
Number of asset objects unloaded after import = 2
========================================================================
Received Import Request.
  Time since last request: 0.000126 seconds.
  path: Assets/cartas/Caballero-de-la-Muerte-Sangre.png
  artifactKey: Guid(2db5486395584224fb2146adcb063f67) Importer(815301076,1909f56bfc062723c751e8b465ee728b)
Start importing Assets/cartas/Caballero-de-la-Muerte-Sangre.png using Guid(2db5486395584224fb2146adcb063f67) Importer(815301076,1909f56bfc062723c751e8b465ee728b)  -> (artifact id: '51c7e8b5468bff7ac58602eaf9907589') in 0.009544 seconds
Number of updated asset objects reloaded before import = 0
Number of asset objects unloaded after import = 2
========================================================================
Received Import Request.
  Time since last request: 0.000154 seconds.
  path: Assets/cartas/Cinturon-de-Pociones.png
  artifactKey: Guid(6f006eb62d5cf21449674234a9a73bb0) Importer(815301076,1909f56bfc062723c751e8b465ee728b)
Start importing Assets/cartas/Cinturon-de-Pociones.png using Guid(6f006eb62d5cf21449674234a9a73bb0) Importer(815301076,1909f56bfc062723c751e8b465ee728b)  -> (artifact id: '88f1f656de57d1857c7f3b7cdbc1fcf0') in 0.009051 seconds
Number of updated asset objects reloaded before import = 0
Number of asset objects unloaded after import = 2
========================================================================
Received Import Request.
  Time since last request: 0.000026 seconds.
  path: Assets/cartas/Cámara-Helada.png
  artifactKey: Guid(280da6e0f2e356045a366980b8dbc809) Importer(815301076,1909f56bfc062723c751e8b465ee728b)
Start importing Assets/cartas/Cámara-Helada.png using Guid(280da6e0f2e356045a366980b8dbc809) Importer(815301076,1909f56bfc062723c751e8b465ee728b)  -> (artifact id: 'bb7c57c2628ac1a44e21a79c9df3f96b') in 0.009828 seconds
Number of updated asset objects reloaded before import = 0
Number of asset objects unloaded after import = 2
========================================================================
Received Import Request.
  Time since last request: 19.298214 seconds.
  path: Assets/cartas/Invencible.png
  artifactKey: Guid(c0f72e90ae48a8140a6c59586083204d) Importer(815301076,1909f56bfc062723c751e8b465ee728b)
Start importing Assets/cartas/Invencible.png using Guid(c0f72e90ae48a8140a6c59586083204d) Importer(815301076,1909f56bfc062723c751e8b465ee728b)  -> (artifact id: '784f8d8fb630fb8b15ba98ab2e1666ad') in 0.012613 seconds
Number of updated asset objects reloaded before import = 0
Number of asset objects unloaded after import = 2
========================================================================
Received Import Request.
  Time since last request: 0.259807 seconds.
  path: Assets/cartas/Picadora-de-Carne.png
  artifactKey: Guid(8ddf0c5a66f02d74e9f2983497aee94a) Importer(815301076,1909f56bfc062723c751e8b465ee728b)
Start importing Assets/cartas/Picadora-de-Carne.png using Guid(8ddf0c5a66f02d74e9f2983497aee94a) Importer(815301076,1909f56bfc062723c751e8b465ee728b)  -> (artifact id: 'a3da747906c51c4df7408871da330053') in 0.012436 seconds
Number of updated asset objects reloaded before import = 0
Number of asset objects unloaded after import = 2
========================================================================
Received Import Request.
  Time since last request: 14.101316 seconds.
  path: Assets/Resources/fondo.jpg
  artifactKey: Guid(54d420205f7d17c44b8f2452fdd60751) Importer(815301076,1909f56bfc062723c751e8b465ee728b)
Start importing Assets/Resources/fondo.jpg using Guid(54d420205f7d17c44b8f2452fdd60751) Importer(815301076,1909f56bfc062723c751e8b465ee728b)  -> (artifact id: '95088ca47c8295581f400cb8e8737b72') in 0.025417 seconds
Number of updated asset objects reloaded before import = 0
Number of asset objects unloaded after import = 3
