Using pre-set license
Built from '2022.3/staging' branch; Version is '2022.3.19f1 (244b723c30a6) revision 2378610'; Using compiler version '192829333'; Build Type 'Release'
OS: 'Windows 11  (10.0.22000) 64bit Core' Language: 'es' Physical Memory: 16088 MB
BatchMode: 1, IsHumanControllingUs: 0, StartBugReporterOnCrash: 0, Is64bit: 1, IsPro: 1

COMMAND LINE ARGUMENTS:
C:\Program Files\Unity\Hub\Editor\2022.3.19f1\Editor\Unity.exe
-adb2
-batchMode
-noUpm
-name
AssetImportWorker2
-projectPath
D:/Warcraft-Realms-Rise-of-Azeroth
-logFile
Logs/AssetImportWorker2.log
-srvPort
56878
Successfully changed project path to: D:/Warcraft-Realms-Rise-of-Azeroth
D:/Warcraft-Realms-Rise-of-Azeroth
[UnityMemory] Configuration Parameters - Can be set up in boot.config
    "memorysetup-bucket-allocator-granularity=16"
    "memorysetup-bucket-allocator-bucket-count=8"
    "memorysetup-bucket-allocator-block-size=33554432"
    "memorysetup-bucket-allocator-block-count=8"
    "memorysetup-main-allocator-block-size=16777216"
    "memorysetup-thread-allocator-block-size=16777216"
    "memorysetup-gfx-main-allocator-block-size=16777216"
    "memorysetup-gfx-thread-allocator-block-size=16777216"
    "memorysetup-cache-allocator-block-size=4194304"
    "memorysetup-typetree-allocator-block-size=2097152"
    "memorysetup-profiler-bucket-allocator-granularity=16"
    "memorysetup-profiler-bucket-allocator-bucket-count=8"
    "memorysetup-profiler-bucket-allocator-block-size=33554432"
    "memorysetup-profiler-bucket-allocator-block-count=8"
    "memorysetup-profiler-allocator-block-size=16777216"
    "memorysetup-profiler-editor-allocator-block-size=1048576"
    "memorysetup-temp-allocator-size-main=16777216"
    "memorysetup-job-temp-allocator-block-size=2097152"
    "memorysetup-job-temp-allocator-block-size-background=1048576"
    "memorysetup-job-temp-allocator-reduction-small-platforms=262144"
    "memorysetup-allocator-temp-initial-block-size-main=262144"
    "memorysetup-allocator-temp-initial-block-size-worker=262144"
    "memorysetup-temp-allocator-size-background-worker=32768"
    "memorysetup-temp-allocator-size-job-worker=262144"
    "memorysetup-temp-allocator-size-preload-manager=33554432"
    "memorysetup-temp-allocator-size-nav-mesh-worker=65536"
    "memorysetup-temp-allocator-size-audio-worker=65536"
    "memorysetup-temp-allocator-size-cloud-worker=32768"
    "memorysetup-temp-allocator-size-gi-baking-worker=262144"
    "memorysetup-temp-allocator-size-gfx=262144"
Player connection [368] Host "[IP] 172.20.10.6 [Port] 0 [Flags] 2 [Guid] 1431566348 [EditorId] 1431566348 [Version] 1048832 [Id] WindowsEditor(7,DESKTOP-D32S6RK) [Debug] 1 [PackageName] WindowsEditor [ProjectName] Editor" joined multi-casting on [225.0.0.222:54997]...

Player connection [368] Host "[IP] 172.20.10.6 [Port] 0 [Flags] 2 [Guid] 1431566348 [EditorId] 1431566348 [Version] 1048832 [Id] WindowsEditor(7,DESKTOP-D32S6RK) [Debug] 1 [PackageName] WindowsEditor [ProjectName] Editor" joined alternative multi-casting on [225.0.0.222:34997]...

[Physics::Module] Initialized MultithreadedJobDispatcher with 15 workers.
Refreshing native plugins compatible for Editor in 0.00 ms, found 0 plugins.
Preloading 0 native plugins for Editor in 0.00 ms.
Initialize engine version: 2022.3.19f1 (244b723c30a6)
[Subsystems] Discovering subsystems at path C:/Program Files/Unity/Hub/Editor/2022.3.19f1/Editor/Data/Resources/UnitySubsystems
[Subsystems] Discovering subsystems at path D:/Warcraft-Realms-Rise-of-Azeroth/Assets
GfxDevice: creating device client; threaded=0; jobified=0
Direct3D:
    Version:  Direct3D 11.0 [level 11.1]
    Renderer: NVIDIA GeForce RTX 3050 Ti Laptop GPU (ID=0x25a0)
    Vendor:   NVIDIA
    VRAM:     3990 MB
    Driver:   30.0.15.1274
Initialize mono
Mono path[0] = 'C:/Program Files/Unity/Hub/Editor/2022.3.19f1/Editor/Data/Managed'
Mono path[1] = 'C:/Program Files/Unity/Hub/Editor/2022.3.19f1/Editor/Data/MonoBleedingEdge/lib/mono/unityjit-win32'
Mono config path = 'C:/Program Files/Unity/Hub/Editor/2022.3.19f1/Editor/Data/MonoBleedingEdge/etc'
Using monoOptions --debugger-agent=transport=dt_socket,embedding=1,server=y,suspend=n,address=127.0.0.1:56588
Begin MonoManager ReloadAssembly
Registering precompiled unity dll's ...
Register platform support module: C:/Program Files/Unity/Hub/Editor/2022.3.19f1/Editor/Data/PlaybackEngines/WebGLSupport/UnityEditor.WebGL.Extensions.dll
Register platform support module: C:/Program Files/Unity/Hub/Editor/2022.3.19f1/Editor/Data/PlaybackEngines/WindowsStandaloneSupport/UnityEditor.WindowsStandalone.Extensions.dll
Registered in 0.003363 seconds.
- Loaded All Assemblies, in  0.239 seconds
Native extension for WindowsStandalone target not found
Native extension for WebGL target not found
Mono: successfully reloaded assembly
- Finished resetting the current domain, in  0.203 seconds
Domain Reload Profiling: 441ms
	BeginReloadAssembly (76ms)
		ExecutionOrderSort (0ms)
		DisableScriptedObjects (0ms)
		BackupInstance (0ms)
		ReleaseScriptingObjects (0ms)
		CreateAndSetChildDomain (1ms)
	RebuildCommonClasses (23ms)
	RebuildNativeTypeToScriptingClass (7ms)
	initialDomainReloadingComplete (37ms)
	LoadAllAssembliesAndSetupDomain (96ms)
		LoadAssemblies (74ms)
		RebuildTransferFunctionScriptingTraits (0ms)
		AnalyzeDomain (95ms)
			TypeCache.Refresh (94ms)
				TypeCache.ScanAssembly (84ms)
			ScanForSourceGeneratedMonoScriptInfo (0ms)
			ResolveRequiredComponents (0ms)
	FinalizeReload (203ms)
		ReleaseScriptCaches (0ms)
		RebuildScriptCaches (0ms)
		SetupLoadedEditorAssemblies (162ms)
			LogAssemblyErrors (0ms)
			InitializePlatformSupportModulesInManaged (9ms)
			SetLoadedEditorAssemblies (5ms)
			RefreshPlugins (0ms)
			BeforeProcessingInitializeOnLoad (2ms)
			ProcessInitializeOnLoadAttributes (106ms)
			ProcessInitializeOnLoadMethodAttributes (41ms)
			AfterProcessingInitializeOnLoad (0ms)
			EditorAssembliesLoaded (0ms)
		ExecutionOrderSort2 (0ms)
		AwakeInstancesAfterBackupRestoration (0ms)
========================================================================
Worker process is ready to serve import requests
Begin MonoManager ReloadAssembly
- Loaded All Assemblies, in  0.173 seconds
Refreshing native plugins compatible for Editor in 0.00 ms, found 0 plugins.
Native extension for WindowsStandalone target not found
Native extension for WebGL target not found
Mono: successfully reloaded assembly
- Finished resetting the current domain, in  0.249 seconds
Domain Reload Profiling: 422ms
	BeginReloadAssembly (123ms)
		ExecutionOrderSort (0ms)
		DisableScriptedObjects (4ms)
		BackupInstance (0ms)
		ReleaseScriptingObjects (0ms)
		CreateAndSetChildDomain (27ms)
	RebuildCommonClasses (24ms)
	RebuildNativeTypeToScriptingClass (7ms)
	initialDomainReloadingComplete (15ms)
	LoadAllAssembliesAndSetupDomain (4ms)
		LoadAssemblies (57ms)
		RebuildTransferFunctionScriptingTraits (0ms)
		AnalyzeDomain (3ms)
			TypeCache.Refresh (2ms)
				TypeCache.ScanAssembly (0ms)
			ScanForSourceGeneratedMonoScriptInfo (0ms)
			ResolveRequiredComponents (0ms)
	FinalizeReload (249ms)
		ReleaseScriptCaches (0ms)
		RebuildScriptCaches (0ms)
		SetupLoadedEditorAssemblies (149ms)
			LogAssemblyErrors (0ms)
			InitializePlatformSupportModulesInManaged (5ms)
			SetLoadedEditorAssemblies (4ms)
			RefreshPlugins (0ms)
			BeforeProcessingInitializeOnLoad (18ms)
			ProcessInitializeOnLoadAttributes (106ms)
			ProcessInitializeOnLoadMethodAttributes (13ms)
			AfterProcessingInitializeOnLoad (3ms)
			EditorAssembliesLoaded (0ms)
		ExecutionOrderSort2 (0ms)
		AwakeInstancesAfterBackupRestoration (5ms)
Launched and connected shader compiler UnityShaderCompiler.exe after 0.03 seconds
Refreshing native plugins compatible for Editor in 0.00 ms, found 0 plugins.
Preloading 0 native plugins for Editor in 0.00 ms.
Unloading 59 Unused Serialized files (Serialized files now loaded: 0)
Unloading 3 unused Assets / (48.7 KB). Loaded Objects now: 532.
Memory consumption went from 58.1 MB to 58.1 MB.
Total: 1.747400 ms (FindLiveObjects: 0.034500 ms CreateObjectMapping: 0.003900 ms MarkObjects: 1.652200 ms  DeleteObjects: 0.055900 ms)

AssetImportParameters requested are different than current active one (requested -> active):
  colorSpace: 1 -> 0
  custom:video-decoder-ogg-theora: a1e56fd34408186e4bbccfd4996cb3dc -> 
  custom:container-muxer-webm: aa71ff27fc2769a1b78a27578f13a17b -> 
  custom:container-demuxer-webm: 4f35f7cbe854078d1ac9338744f61a02 -> 
  custom:video-encoder-webm-vp8: eb34c28f22e8b96e1ab97ce403110664 -> 
  custom:CustomObjectIndexerAttribute: 6d391050e5a25f67b0a2c618074f2cd9 -> 
  custom:audio-encoder-webm-vorbis: bf7c407c2cedff20999df2af8eb42d56 -> 
  custom:framework-win-MediaFoundation: 216162199b28c13a410421893ffa2e32 -> 
  custom:SearchIndexIgnoredProperties: e643bd26f0fe6173181afceb89e7c659 -> 
  custom:container-demuxer-ogg: 62fdf1f143b41e24485cea50d1cbac27 -> 
  custom:video-decoder-webm-vp8: 9c59270c3fd7afecdb556c50c9e8de78 -> 
  custom:graphics/active-color-space: 03000000000000000000000000000000 -> 02000000000000000000000000000000
  custom:audio-decoder-ogg-vorbis: bf7c407c2cedff20999df2af8eb42d56 -> 
  custom:2d/spriteatlas-import-mode: 02000000000000000000000000000000 -> 01000000000000000000000000000000
  custom:AudioImporter_EditorPlatform: d09bf68614088b80899f8185d706f6e7 -> 
========================================================================
Received Import Request.
  Time since last request: 186523.943935 seconds.
  path: Assets/cartas/Gárgola.png
  artifactKey: Guid(4c7ce524f3b2cf54ca2bf30957e3da84) Importer(815301076,1909f56bfc062723c751e8b465ee728b)
Start importing Assets/cartas/Gárgola.png using Guid(4c7ce524f3b2cf54ca2bf30957e3da84) Importer(815301076,1909f56bfc062723c751e8b465ee728b)  -> (artifact id: '7bb52c7f0d5b1dd192b334cf9dc2fc84') in 0.055960 seconds
Number of updated asset objects reloaded before import = 0
Number of asset objects unloaded after import = 2
========================================================================
Received Import Request.
  Time since last request: 0.203053 seconds.
  path: Assets/cartas/Lich-King.png
  artifactKey: Guid(1345394932a956e4193342df8662d801) Importer(815301076,1909f56bfc062723c751e8b465ee728b)
Start importing Assets/cartas/Lich-King.png using Guid(1345394932a956e4193342df8662d801) Importer(815301076,1909f56bfc062723c751e8b465ee728b)  -> (artifact id: '430a4387fdeb27112635c5f7bb9b1e31') in 0.012207 seconds
Number of updated asset objects reloaded before import = 0
Number of asset objects unloaded after import = 2
========================================================================
Received Import Request.
  Time since last request: 0.010479 seconds.
  path: Assets/cartas/Necrófago.png
  artifactKey: Guid(b182651dc9d278746adb622071319401) Importer(815301076,1909f56bfc062723c751e8b465ee728b)
Start importing Assets/cartas/Necrófago.png using Guid(b182651dc9d278746adb622071319401) Importer(815301076,1909f56bfc062723c751e8b465ee728b)  -> (artifact id: '4ecfa575f35a7acb0ce46a81c241ae3b') in 0.008424 seconds
Number of updated asset objects reloaded before import = 0
Number of asset objects unloaded after import = 2
========================================================================
Received Import Request.
  Time since last request: 0.006015 seconds.
  path: Assets/cartas/Remplazo.png
  artifactKey: Guid(5a43f294df65d0047b5951bdda96f699) Importer(815301076,1909f56bfc062723c751e8b465ee728b)
Start importing Assets/cartas/Remplazo.png using Guid(5a43f294df65d0047b5951bdda96f699) Importer(815301076,1909f56bfc062723c751e8b465ee728b)  -> (artifact id: '5dd0a2dcf639080e370a22ab01b41494') in 0.010250 seconds
Number of updated asset objects reloaded before import = 0
Number of asset objects unloaded after import = 2
========================================================================
Received Import Request.
  Time since last request: 0.211642 seconds.
  path: Assets/cartas/Sangre-Vampírica.png
  artifactKey: Guid(27240034ba1e68142a2f55de97aa1c79) Importer(815301076,1909f56bfc062723c751e8b465ee728b)
Start importing Assets/cartas/Sangre-Vampírica.png using Guid(27240034ba1e68142a2f55de97aa1c79) Importer(815301076,1909f56bfc062723c751e8b465ee728b)  -> (artifact id: '6cd1cf162cfd69375f8849843f9ecac2') in 0.006199 seconds
Number of updated asset objects reloaded before import = 0
Number of asset objects unloaded after import = 2
========================================================================
Received Import Request.
  Time since last request: 0.014282 seconds.
  path: Assets/cartas/Sindragosa-La-Reina-Escarcha.png
  artifactKey: Guid(c5e8be7c0552e6b4db480000c443c2c7) Importer(815301076,1909f56bfc062723c751e8b465ee728b)
Start importing Assets/cartas/Sindragosa-La-Reina-Escarcha.png using Guid(c5e8be7c0552e6b4db480000c443c2c7) Importer(815301076,1909f56bfc062723c751e8b465ee728b)  -> (artifact id: 'c773876cc616334f60a8230e4cdab3bc') in 0.007890 seconds
Number of updated asset objects reloaded before import = 0
Number of asset objects unloaded after import = 2
========================================================================
Received Import Request.
  Time since last request: 0.015528 seconds.
  path: Assets/cartas/Sirvienta-del--Mago.png
  artifactKey: Guid(07c11a8daf001a0489cd360168099d09) Importer(815301076,1909f56bfc062723c751e8b465ee728b)
Start importing Assets/cartas/Sirvienta-del--Mago.png using Guid(07c11a8daf001a0489cd360168099d09) Importer(815301076,1909f56bfc062723c751e8b465ee728b)  -> (artifact id: '94d2ab5e8cf26694836baba49a37ccb0') in 0.007105 seconds
Number of updated asset objects reloaded before import = 0
Number of asset objects unloaded after import = 2
========================================================================
Received Import Request.
  Time since last request: 0.001615 seconds.
  path: Assets/cartas/Vuelo-Bronce.png
  artifactKey: Guid(0fbc7d34c31ecfc49a4f746ee2fc4cad) Importer(815301076,1909f56bfc062723c751e8b465ee728b)
Start importing Assets/cartas/Vuelo-Bronce.png using Guid(0fbc7d34c31ecfc49a4f746ee2fc4cad) Importer(815301076,1909f56bfc062723c751e8b465ee728b)  -> (artifact id: '34031e5cdac8b3161d987303069bc40b') in 0.007068 seconds
Number of updated asset objects reloaded before import = 0
Number of asset objects unloaded after import = 2
========================================================================
Received Import Request.
  Time since last request: 13.821989 seconds.
  path: Assets/Resources/cards.png
  artifactKey: Guid(43519cdc76218c84fad4010d19be7eeb) Importer(815301076,1909f56bfc062723c751e8b465ee728b)
Start importing Assets/Resources/cards.png using Guid(43519cdc76218c84fad4010d19be7eeb) Importer(815301076,1909f56bfc062723c751e8b465ee728b)  -> (artifact id: '119218b93919a7bf11aea10fa6d1d8f3') in 0.055783 seconds
Number of updated asset objects reloaded before import = 0
Number of asset objects unloaded after import = 3
